D:\Microsoft Visual Studio\2019\Community\MSBuild\Microsoft\VC\v160\Microsoft.CppBuild.targets(491,5): warning MSB8028: The intermediate directory (C:\Users\dot72\Desktop\Rubiks-Cube-master\Project\Framework\VS2017\/../Build/Debug/) contains files shared from another project (Project.vcxproj).  This can lead to incorrect clean and rebuild behavior.
  main.cpp
C:\Users\dot72\Desktop\Rubiks-Cube-master\Project\Framework\VS2017\shader_compile.h(58,35): warning C4101: 'e': unreferenced local variable
C:\Users\dot72\Desktop\Rubiks-Cube-master\Project\Framework\VS2017\shaderloader.h(26,10): warning C4477: 'printf' : format string '%s' requires an argument of type 'char *', but variadic argument 1 has type 'std::string'
C:\Users\dot72\Desktop\Rubiks-Cube-master\Project\Framework\VS2017\main.cpp(174,37): warning C4838: conversion from 'FT_Pos' to 'unsigned int' requires a narrowing conversion
C:\Users\dot72\Desktop\Rubiks-Cube-master\Project\Framework\VS2017\main.cpp(522,25): warning C4244: 'initializing': conversion from 'double' to 'float', possible loss of data
C:\Users\dot72\Desktop\Rubiks-Cube-master\Project\Framework\VS2017\main.cpp(615,18): warning C4244: 'initializing': conversion from 'double' to 'float', possible loss of data
C:\Users\dot72\Desktop\Rubiks-Cube-master\Project\Framework\VS2017\main.cpp(685,57): warning C4244: 'argument': conversion from 'T' to 'int', possible loss of data
          with
          [
              T=float
          ]
C:\Users\dot72\Desktop\Rubiks-Cube-master\Project\Framework\VS2017\main.cpp(693,56): warning C4244: 'argument': conversion from 'T' to 'int', possible loss of data
          with
          [
              T=float
          ]
C:\Users\dot72\Desktop\Rubiks-Cube-master\Project\Framework\VS2017\main.cpp(701,57): warning C4244: 'argument': conversion from 'T' to 'int', possible loss of data
          with
          [
              T=float
          ]
C:\Users\dot72\Desktop\Rubiks-Cube-master\Project\Framework\VS2017\main.cpp(709,56): warning C4244: 'argument': conversion from 'T' to 'int', possible loss of data
          with
          [
              T=float
          ]
C:\Users\dot72\Desktop\Rubiks-Cube-master\Project\Framework\VS2017\main.cpp(717,57): warning C4244: 'argument': conversion from 'T' to 'int', possible loss of data
          with
          [
              T=float
          ]
C:\Users\dot72\Desktop\Rubiks-Cube-master\Project\Framework\VS2017\main.cpp(725,56): warning C4244: 'argument': conversion from 'T' to 'int', possible loss of data
          with
          [
              T=float
          ]
C:\Users\dot72\Desktop\Rubiks-Cube-master\Project\Framework\VS2017\main.cpp(1068,28): warning C4244: '+=': conversion from 'double' to 'float', possible loss of data
C:\Users\dot72\Desktop\Rubiks-Cube-master\Project\Framework\VS2017\main.cpp(1073,27): warning C4305: '=': truncation from 'double' to 'float'
C:\Users\dot72\Desktop\Rubiks-Cube-master\Project\Framework\VS2017\main.cpp(1077,40): warning C4244: '+=': conversion from 'double' to 'float', possible loss of data
C:\Users\dot72\Desktop\Rubiks-Cube-master\Project\Framework\VS2017\main.cpp(1083,64): warning C4244: '-=': conversion from 'double' to 'float', possible loss of data
C:\Users\dot72\Desktop\Rubiks-Cube-master\Project\Framework\VS2017\main.cpp(1084,62): warning C4244: '-=': conversion from 'double' to 'float', possible loss of data
C:\Users\dot72\Desktop\Rubiks-Cube-master\Project\Framework\VS2017\main.cpp(534,16): warning C4101: 'height': unreferenced local variable
C:\Users\dot72\Desktop\Rubiks-Cube-master\Project\Framework\VS2017\main.cpp(534,9): warning C4101: 'width': unreferenced local variable
C:\Users\dot72\Desktop\Rubiks-Cube-master\Project\Framework\VS2017\main.cpp(1252,26): warning C4244: 'return': conversion from 'int' to 'float', possible loss of data
C:\Users\dot72\Desktop\Rubiks-Cube-master\Project\Framework\VS2017\main.cpp(1264,23): warning C4244: 'initializing': conversion from 'int' to 'float', possible loss of data
C:\Users\dot72\Desktop\Rubiks-Cube-master\Project\Framework\VS2017\main.cpp(1265,22): warning C4244: 'initializing': conversion from 'int' to 'float', possible loss of data
C:\Users\dot72\Desktop\Rubiks-Cube-master\Project\Framework\VS2017\main.cpp(1273,22): warning C4244: 'initializing': conversion from 'double' to 'float', possible loss of data
C:\Users\dot72\Desktop\Rubiks-Cube-master\Project\Framework\VS2017\main.cpp(1274,21): warning C4244: 'initializing': conversion from 'double' to 'float', possible loss of data
C:\Users\dot72\Desktop\Rubiks-Cube-master\Project\Framework\VS2017\main.cpp(1279,31): warning C4244: '=': conversion from 'double' to 'float', possible loss of data
C:\Users\dot72\Desktop\Rubiks-Cube-master\Project\Framework\VS2017\main.cpp(1299,16): warning C4244: '=': conversion from 'float' to 'int', possible loss of data
C:\Users\dot72\Desktop\Rubiks-Cube-master\Project\Framework\VS2017\main.cpp(1300,31): warning C4244: '=': conversion from 'float' to 'int', possible loss of data
C:\Users\dot72\Desktop\Rubiks-Cube-master\Project\Framework\VS2017\main.cpp(1270,11): warning C4101: 'nx': unreferenced local variable
C:\Users\dot72\Desktop\Rubiks-Cube-master\Project\Framework\VS2017\main.cpp(1270,15): warning C4101: 'ny': unreferenced local variable
C:\Users\dot72\Desktop\Rubiks-Cube-master\Project\Framework\VS2017\main.cpp(1270,19): warning C4101: 'nz': unreferenced local variable
C:\Users\dot72\Desktop\Rubiks-Cube-master\Project\Framework\VS2017\main.cpp(1271,11): warning C4101: 's': unreferenced local variable
C:\Users\dot72\Desktop\Rubiks-Cube-master\Project\Framework\VS2017\main.cpp(1271,14): warning C4101: 't': unreferenced local variable
  Labs.vcxproj -> C:\Users\dot72\Desktop\Rubiks-Cube-master\Project\Framework\Bin\Labs-Debug.exe
